Start running regression test: planner in folder: test/planner/dag
/home/gabor/git/pdq/regression/test/planner/dag/MandatoryPass/SIMPLE_CONSTANT_rel_5x3_1_bindings+0.5_freeacc_dep_3x3_query_GUARDED_3 :  SUCCESS  SUCCESS  SUCCESS PASSCost: 5.0Finished,  Duration: 0.41s.PASSCost: 5.0Finished,  Duration: 0.11s.PASSCost: 5.0Finished,  Duration: 0.02s.
/home/gabor/git/pdq/regression/test/planner/dag/MandatoryPass/SIMPLE_CONSTANT_rel_5x3_1_bindings+1.0_freeacc_dep_3x3_query_GUARDED_3 :  SUCCESS  SUCCESS  SUCCESS PASSCost: 5.0Finished,  Duration: 0.02s.PASSCost: 5.0Finished,  Duration: 0.03s.PASSCost: 5.0Finished,  Duration: 0.01s.
/home/gabor/git/pdq/regression/test/planner/dag/MandatoryPass/benchmark_case_002 :  SUCCESS  SUCCESS  SUCCESS PASSCost: 76314.80706077814Finished,  Duration: 3.58s.PASSCost: 322731.63820324163Finished,  Duration: 0.28s.PASSCost: 61394.5336050903Finished,  Duration: 2.63s.
/home/gabor/git/pdq/regression/test/planner/dag/MandatoryPass/benchmark_case_003 :  SUCCESS  NOT ACCEPTED  SUCCESS PASSCost: 4334.32091928001Finished,  Duration: 1.49s.FAILCost: 15930.91430368234Finished,  Duration: 0.45s.PASSCost: 4334.32091928001Finished,  Duration: 2.84s.
/home/gabor/git/pdq/regression/test/planner/dag/MandatoryPass/example_01 :  SUCCESS  SUCCESS  SUCCESS PASSCost: 7286.72124178452Finished,  Duration: 0.01s.PASSCost: 7286.72124178452Finished,  Duration: 0.07s.PASSCost: 7286.72124178452Finished,  Duration: 0s.
/home/gabor/git/pdq/regression/test/planner/dag/MandatoryPass/example_02 :  SUCCESS  SUCCESS  SUCCESS PASSCost: 1981.5510557964276Finished,  Duration: 0s.PASSCost: 1981.5510557964276Finished,  Duration: 0.12s.PASSCost: 1981.5510557964276Finished,  Duration: 0s.
/home/gabor/git/pdq/regression/test/planner/dag/MandatoryPass/example_03 :  SUCCESS  SUCCESS  SUCCESS PASSCost: 1541.5510557964276Finished,  Duration: 0s.PASSCost: 1541.5510557964276Finished,  Duration: 0.21s.PASSCost: 1541.5510557964276Finished,  Duration: 0s.
/home/gabor/git/pdq/regression/test/planner/dag/MandatoryPass/manual/case_000 :  SUCCESS  SUCCESS  SUCCESS No previous plan found.Finished,  Duration: 0.04s.No previous plan found.Finished,  Duration: 0.39s.No previous plan found.Finished,  Duration: 0.03s.
/home/gabor/git/pdq/regression/test/planner/dag/MandatoryPass/manual/case_001 :  SUCCESS  SUCCESS  SUCCESS PASSCost: 3.0Finished,  Duration: 0.48s.PASSCost: 3.0Finished,  Duration: 0.81s.PASSCost: 3.0Finished,  Duration: 0.13s.
/home/gabor/git/pdq/regression/test/planner/dag/MandatoryPass/manual/case_002 :  SUCCESS  SUCCESS  SUCCESS No previous plan found.Finished,  Duration: 0s.No previous plan found.Finished,  Duration: 0.04s.No previous plan found.Finished,  Duration: 0s.
FAIL/home/gabor/git/pdq/regression/test/planner/dag/MandatoryPass/manual/case_003 : Failed: uk.ac.ox.cs.pdq.util.LimitReachedException: Planning timeout reached: 130347.12961>120000.0
/home/gabor/git/pdq/regression/test/planner/dag/MandatoryPass/manual/case_004 :  SUCCESS  SUCCESS  SUCCESS PASSCost: 1.0Finished,  Duration: 0.01s.PASSCost: 1.0Finished,  Duration: 0.03s.PASSCost: 1.0Finished,  Duration: 0s.
/home/gabor/git/pdq/regression/test/planner/dag/MandatoryPass/manual/case_005 :  SUCCESS  SUCCESS  SUCCESS PASSCost: 1.0Finished,  Duration: 0.01s.PASSCost: 1.0Finished,  Duration: 0.15s.PASSCost: 1.0Finished,  Duration: 0.01s.
/home/gabor/git/pdq/regression/test/planner/dag/MandatoryPass/profinfo/example_01 :  SUCCESS  SUCCESS  SUCCESS PASSCost: 2.0Finished,  Duration: 0s.PASSCost: 2.0Finished,  Duration: 0.1s.PASSCost: 2.0Finished,  Duration: 0.02s.
/home/gabor/git/pdq/regression/test/planner/dag/MandatoryPass/profinfo/example_01b :  SUCCESS  SUCCESS  SUCCESS PASSCost: 2.0Finished,  Duration: 0.01s.PASSCost: 2.0Finished,  Duration: 0.14s.PASSCost: 2.0Finished,  Duration: 0s.
/home/gabor/git/pdq/regression/test/planner/dag/MandatoryPass/profinfo/example_02 :  SUCCESS  SUCCESS  SUCCESS PASSCost: 4.0Finished,  Duration: 0.12s.PASSCost: 4.0Finished,  Duration: 0.55s.PASSCost: 4.0Finished,  Duration: 0.14s.
/home/gabor/git/pdq/regression/test/planner/dag/MandatoryPass/profinfo/example_03 :  SUCCESS  SUCCESS  SUCCESS PASSCost: 2.0Finished,  Duration: 0s.PASSCost: 2.0Finished,  Duration: 0.04s.PASSCost: 2.0Finished,  Duration: 0.01s.
/home/gabor/git/pdq/regression/test/planner/dag/MandatoryPass/profinfo/example_03b :  SUCCESS  SUCCESS  SUCCESS PASSCost: 2.0Finished,  Duration: 0s.PASSCost: 2.0Finished,  Duration: 0.15s.PASSCost: 2.0Finished,  Duration: 0.01s.
/home/gabor/git/pdq/regression/test/planner/dag/TpcH/fast/bio/BLACKBOX/case_001a :  SUCCESS PASSCost: 3.0735280411129147E10Finished,  Duration: 1.15s.
/home/gabor/git/pdq/regression/test/planner/dag/TpcH/fast/bio/BLACKBOX/case_003a :  SUCCESS PASSCost: 3.0829910882086916E9Finished,  Duration: 0.88s.
/home/gabor/git/pdq/regression/test/planner/dag/TpcH/fast/bio/BLACKBOX/case_004a :  SUCCESS PASSCost: 5.921316366146128E14Finished,  Duration: 20.4s.
/home/gabor/git/pdq/regression/test/planner/dag/TpcH/fast/bio/BLACKBOX/case_004b :  SUCCESS PASSCost: 3.0735229775292344E14Finished,  Duration: 17.52s.
/home/gabor/git/pdq/regression/test/planner/dag/TpcH/fast/bio/BLACKBOX/case_006a :  SUCCESS PASSCost: 56474.04223185709Finished,  Duration: 0.34s.
/home/gabor/git/pdq/regression/test/planner/dag/TpcH/fast/bio/BLACKBOX/case_008a :  SUCCESS PASSCost: 1.4652976568676043E8Finished,  Duration: 2.12s.
FAIL/home/gabor/git/pdq/regression/test/planner/dag/TpcH/fast/bio/BLACKBOX/case_008b : Failed: uk.ac.ox.cs.pdq.util.LimitReachedException
/home/gabor/git/pdq/regression/test/planner/dag/TpcH/fast/generated/BLACKBOX_rel_5x3_1_bindings+0.5_freeacc_dep_3x3_query_GUARDED_3 :  SUCCESS No previous plan found.Finished,  Duration: 0.06s.
/home/gabor/git/pdq/regression/test/planner/dag/TpcH/fast/generated/BLACKBOX_rel_5x3_1_bindings+1.0_freeacc_dep_3x3_query_GUARDED_3 :  SUCCESS No previous plan found.Finished,  Duration: 0.03s.
/home/gabor/git/pdq/regression/test/planner/dag/TpcH/fast/tpch/blackbox/case_001 :  SUCCESS PASSCost: 10.1Finished,  Duration: 1.97s.
/home/gabor/git/pdq/regression/test/planner/dag/TpcH/fast/tpch/blackbox/case_002 :  SUCCESS PASSCost: 4749493.20579017Finished,  Duration: 0.79s.
/home/gabor/git/pdq/regression/test/planner/dag/TpcH/fast/tpch/blackbox/case_003 :  SUCCESS PASSCost: 388726.7584701342Finished,  Duration: 1.85s.
/home/gabor/git/pdq/regression/test/planner/dag/TpcH/fast/tpch/blackbox/case_004 :  SUCCESS PASSCost: 441474.50367152935Finished,  Duration: 1.55s.
/home/gabor/git/pdq/regression/test/planner/dag/TpcH/fast/tpch/blackbox/case_007 :  SUCCESS PASSCost: 23628.781172651914Finished,  Duration: 0.34s.
/home/gabor/git/pdq/regression/test/planner/dag/TpcH/fast/tpch/blackbox/case_008 :  SUCCESS PASSCost: 23698.781172651914Finished,  Duration: 0.53s.
/home/gabor/git/pdq/regression/test/planner/dag/TpcH/fast/tpch/blackbox/case_009 :  SUCCESS No previous plan found.Finished,  Duration: 1.08s.
/home/gabor/git/pdq/regression/test/planner/dag/TpcH/fast/tpch/blackbox/case_010 :  NOT ACCEPTED FAILCost: 790192.5178110434Finished,  Duration: 2s.
/home/gabor/git/pdq/regression/test/planner/dag/TpcH/fast/tpch/blackbox/case_011 :  SUCCESS PASSCost: 9736.971259786465Finished,  Duration: 0.32s.
/home/gabor/git/pdq/regression/test/planner/dag/TpcH/fast/tpch/blackbox/case_014 :  SUCCESS PASSCost: 127189.51585920167Finished,  Duration: 0.76s.
/home/gabor/git/pdq/regression/test/planner/dag/TpcH/fast/tpch/blackbox/case_016 :  SUCCESS PASSCost: 412.6707198598431Finished,  Duration: 0.43s.
/home/gabor/git/pdq/regression/test/planner/dag/TpcH/fast/tpch/blackbox_db_with/case_001 :  SUCCESS PASSCost: 10.1Finished,  Duration: 1.23s.
/home/gabor/git/pdq/regression/test/planner/dag/TpcH/fast/tpch/blackbox_db_with/case_002 :  SUCCESS PASSCost: 20.74Finished,  Duration: 1.86s.
/home/gabor/git/pdq/regression/test/planner/dag/TpcH/fast/tpch/blackbox_db_with/case_003 :  SUCCESS PASSCost: 31.92Finished,  Duration: 2.5s.
/home/gabor/git/pdq/regression/test/planner/dag/TpcH/fast/tpch/blackbox_db_with/case_004 :  SUCCESS PASSCost: 43.06Finished,  Duration: 2.79s.
/home/gabor/git/pdq/regression/test/planner/dag/TpcH/fast/tpch/blackbox_db_with/case_005 :  SUCCESS PASSCost: 43.06Finished,  Duration: 8.88s.
/home/gabor/git/pdq/regression/test/planner/dag/TpcH/fast/tpch/blackbox_db_with/case_006 :  SUCCESS PASSCost: 58.25Finished,  Duration: 3.69s.
/home/gabor/git/pdq/regression/test/planner/dag/TpcH/fast/tpch/fk_inputs/case_002 :  NOT ACCEPTED FAILCost: 322531.63820324163Finished,  Duration: 0.86s.
/home/gabor/git/pdq/regression/test/planner/dag/TpcH/fast/tpch/fk_inputs/case_003 :  SUCCESS PASSCost: 7984.00824227289Finished,  Duration: 1.51s.
/home/gabor/git/pdq/regression/test/planner/dag/TpcH/fast/tpch/fk_inputs/case_004 :  SUCCESS PASSCost: 7984.00824227289Finished,  Duration: 1.54s.
/home/gabor/git/pdq/regression/test/planner/dag/TpcH/fast/tpch/fk_inputs/case_005 :  SUCCESS PASSCost: 7984.00824227289Finished,  Duration: 1.47s.
/home/gabor/git/pdq/regression/test/planner/dag/TpcH/fast/tpch/fk_inputs/case_006 :  NOT ACCEPTED FAILCost: 50986.656040475966Finished,  Duration: 2.1s.
/home/gabor/git/pdq/regression/test/planner/dag/TpcH/fast/tpch/fk_inputs/case_007 :  NOT ACCEPTED FAILCost: 322531.63820324163Finished,  Duration: 0.88s.
/home/gabor/git/pdq/regression/test/planner/dag/TpcH/fast/tpch/fk_inputs/case_008 :  SUCCESS PASSCost: 1556.9733347172757Finished,  Duration: 0.41s.
/home/gabor/git/pdq/regression/test/planner/dag/TpcH/fast/tpch/fk_inputs/case_009 :  SUCCESS PASSCost: 7989.00824227289Finished,  Duration: 1.52s.
/home/gabor/git/pdq/regression/test/planner/dag/TpcH/fast/tpch/fk_inputs/case_010 :  SUCCESS PASSCost: 4169.079218926643Finished,  Duration: 3.17s.
/home/gabor/git/pdq/regression/test/planner/dag/TpcH/fast/tpch/fk_inputs/case_011 :  NOT ACCEPTED FAILCost: 346.88758248682007Finished,  Duration: 0.44s.
/home/gabor/git/pdq/regression/test/planner/dag/TpcH/fast/tpch/fk_inputs_BLACKBOX_DB/case_001 :  SUCCESS PASSCost: 10.1Finished,  Duration: 1.08s.
/home/gabor/git/pdq/regression/test/planner/dag/TpcH/fast/tpch/fk_inputs_BLACKBOX_DB/case_002 :  SUCCESS PASSCost: 20.74Finished,  Duration: 1.35s.
/home/gabor/git/pdq/regression/test/planner/dag/TpcH/fast/tpch/fk_inputs_BLACKBOX_DB/case_003 :  SUCCESS PASSCost: 43.06Finished,  Duration: 2.08s.
/home/gabor/git/pdq/regression/test/planner/dag/TpcH/fast/tpch/fk_inputs_BLACKBOX_DB/case_004 :  SUCCESS PASSCost: 43.06Finished,  Duration: 2.27s.
/home/gabor/git/pdq/regression/test/planner/dag/TpcH/fast/tpch/fk_inputs_BLACKBOX_DB/case_005 :  SUCCESS PASSCost: 43.06Finished,  Duration: 2.45s.
/home/gabor/git/pdq/regression/test/planner/dag/TpcH/fast/tpch/fk_inputs_BLACKBOX_DB/case_006 :  SUCCESS PASSCost: 58.25Finished,  Duration: 3.31s.
/home/gabor/git/pdq/regression/test/planner/dag/TpcH/fast/tpch/fk_inputs_BLACKBOX_DB/case_007 :  SUCCESS PASSCost: 20.74Finished,  Duration: 1.61s.
/home/gabor/git/pdq/regression/test/planner/dag/TpcH/fast/tpch/fk_inputs_BLACKBOX_DB/case_008 :  SUCCESS PASSCost: 10.38Finished,  Duration: 1.11s.
/home/gabor/git/pdq/regression/test/planner/dag/TpcH/fast/tpch/fk_inputs_BLACKBOX_DB/case_009 :  SUCCESS PASSCost: 42.62Finished,  Duration: 2.11s.
/home/gabor/git/pdq/regression/test/planner/dag/TpcH/fast/tpch/fk_inputs_BLACKBOX_DB/case_010 :  SUCCESS PASSCost: 73.55Finished,  Duration: 6.78s.
/home/gabor/git/pdq/regression/test/planner/dag/TpcH/fast/tpch/fk_inputs_BLACKBOX_DB/case_011 :  SUCCESS PASSCost: 10.3Finished,  Duration: 1.19s.
/home/gabor/git/pdq/regression/test/planner/dag/TpcH/fast/tpch/fk_inputs_BLACKBOX_DB/case_012 :  SUCCESS PASSCost: 20.6Finished,  Duration: 1.82s.
/home/gabor/git/pdq/regression/test/planner/dag/TpcH/fast/tpch/fk_view/case_001 :  NOT ACCEPTED FAILCost: 15820.91430368234Finished,  Duration: 0.91s.
/home/gabor/git/pdq/regression/test/planner/dag/TpcH/fast/tpch/fk_view/case_002 :  NOT ACCEPTED FAILCost: 322731.63820324163Finished,  Duration: 0.94s.
/home/gabor/git/pdq/regression/test/planner/dag/TpcH/fast/tpch/fk_view/case_003 :  NOT ACCEPTED FAILCost: 15930.91430368234Finished,  Duration: 1.3s.
/home/gabor/git/pdq/regression/test/planner/dag/TpcH/fast/tpch/fk_view/case_004 :  NOT ACCEPTED FAILCost: 62876.75771052774Finished,  Duration: 1.86s.
/home/gabor/git/pdq/regression/test/planner/dag/TpcH/fast/tpch/fk_view/case_005 :  NOT ACCEPTED FAILCost: 62876.75771052774Finished,  Duration: 1.73s.
/home/gabor/git/pdq/regression/test/planner/dag/TpcH/fast/tpch/fk_view/case_006 :  NOT ACCEPTED FAILCost: 380960.9757454371Finished,  Duration: 1.64s.
/home/gabor/git/pdq/regression/test/planner/dag/TpcH/fast/tpch/fk_view/case_007 :  SUCCESS PASSCost: 1.5393454287708465E7Finished,  Duration: 3.31s.
/home/gabor/git/pdq/regression/test/planner/dag/TpcH/fast/tpch/fk_view/case_008 :  SUCCESS PASSCost: 872831.465275008Finished,  Duration: 3.56s.
/home/gabor/git/pdq/regression/test/planner/dag/TpcH/fast/tpch/fk_view/case_009 :  SUCCESS PASSCost: 346827.2234785033Finished,  Duration: 0.41s.
/home/gabor/git/pdq/regression/test/planner/dag/TpcH/fast/tpch/fk_view/std_002 :  SUCCESS PASSCost: 10874.280700844785Finished,  Duration: 1.44s.
/home/gabor/git/pdq/regression/test/planner/dag/TpcH/fast/tpch/fk_view/std_006 :  SUCCESS PASSCost: 620406.4278572596Finished,  Duration: 2.73s.
/home/gabor/git/pdq/regression/test/planner/dag/TpcH/fast/tpch/fk_view/std_014 :  SUCCESS PASSCost: 1.2425041909274787E7Finished,  Duration: 14.47s.
/home/gabor/git/pdq/regression/test/planner/dag/TpcH/fast/tpch/simple/case_001 :  SUCCESS PASSCost: 1.0Finished,  Duration: 0s.
/home/gabor/git/pdq/regression/test/planner/dag/TpcH/fast/tpch/simple/case_002 :  SUCCESS PASSCost: 25.0Finished,  Duration: 0.07s.
FAIL/home/gabor/git/pdq/regression/test/planner/dag/TpcH/fast/tpch/simple/case_003 : Failed: uk.ac.ox.cs.pdq.util.LimitReachedException: Planning timeout reached: 135213.579795>120000.0
FAIL/home/gabor/git/pdq/regression/test/planner/dag/TpcH/fast/tpch/simple/case_004 : Failed: uk.ac.ox.cs.pdq.util.LimitReachedException
/home/gabor/git/pdq/regression/test/planner/dag/TpcH/fast/tpch/simple/case_007 :  SUCCESS PASSCost: 1.0Finished,  Duration: 0.32s.
/home/gabor/git/pdq/regression/test/planner/dag/TpcH/fast/tpch/simple/case_008 :  SUCCESS PASSCost: 15.0Finished,  Duration: 0.51s.
/home/gabor/git/pdq/regression/test/planner/dag/TpcH/fast/tpch/simple/case_009 :  SUCCESS No previous plan found.Finished,  Duration: 1.04s.
/home/gabor/git/pdq/regression/test/planner/dag/TpcH/fast/tpch/simple/case_010 :  SUCCESS PASSCost: 4.0Finished,  Duration: 1.56s.
/home/gabor/git/pdq/regression/test/planner/dag/TpcH/fast/tpch/simple/case_011 :  SUCCESS PASSCost: 10.0Finished,  Duration: 0.26s.
/home/gabor/git/pdq/regression/test/planner/dag/TpcH/fast/tpch/simple/case_012 :  SUCCESS PASSCost: 5.0Finished,  Duration: 2.65s.
/home/gabor/git/pdq/regression/test/planner/dag/TpcH/fast/tpch/simple/case_013 :  SUCCESS PASSCost: 1.0Finished,  Duration: 0.23s.
/home/gabor/git/pdq/regression/test/planner/dag/TpcH/fast/tpch/simple/case_014 :  SUCCESS PASSCost: 20.0Finished,  Duration: 0.92s.
/home/gabor/git/pdq/regression/test/planner/dag/TpcH/fast/tpch/simple/case_016 :  SUCCESS PASSCost: 2.0Finished,  Duration: 0.41s.
/home/gabor/git/pdq/regression/test/planner/dag/fast/benchmark/case_001 :  SUCCESS PASSCost: 7956.00824227289Finished,  Duration: 5.07s.
/home/gabor/git/pdq/regression/test/planner/dag/fast/benchmark/case_002 :  SUCCESS PASSCost: 322731.63820324163Finished,  Duration: 0.55s.
/home/gabor/git/pdq/regression/test/planner/dag/fast/benchmark/case_003 :  SUCCESS PASSCost: 4334.32091928001Finished,  Duration: 1.18s.
/home/gabor/git/pdq/regression/test/planner/dag/fast/benchmark/case_004 :  NOT ACCEPTED FAILCost: 62876.75771052774Finished,  Duration: 1.21s.
/home/gabor/git/pdq/regression/test/planner/dag/fast/benchmark/case_005 :  NOT ACCEPTED FAILCost: 62876.75771052774Finished,  Duration: 1.03s.
/home/gabor/git/pdq/regression/test/planner/dag/fast/benchmark/case_008 :  SUCCESS PASSCost: 200.0Finished,  Duration: 0.98s.
/home/gabor/git/pdq/regression/test/planner/dag/fast/benchmark/case_009 :  SUCCESS PASSCost: 403938.1461932118Finished,  Duration: 1.36s.
/home/gabor/git/pdq/regression/test/planner/dag/fast/benchmark/std_006 :  SUCCESS PASSCost: 150.0Finished,  Duration: 3.58s.
/home/gabor/git/pdq/regression/test/planner/dag/fast/benchmark/std_012 :  SUCCESS PASSCost: 350.0Finished,  Duration: 21.57s.
/home/gabor/git/pdq/regression/test/planner/dag/fast/benchmark/std_014 :  SUCCESS PASSCost: 1.2425041909274787E7Finished,  Duration: 1.01s.
/home/gabor/git/pdq/regression/test/planner/dag/fast/benchmark/std_020 :  SUCCESS PASSCost: 626761.681028124Finished,  Duration: 13.34s.
/home/gabor/git/pdq/regression/test/planner/dag/fast/bio/SIMPLE_ERSPI/case_001a :  NOT ACCEPTED FAILCost: 1.0521737E7Finished,  Duration: 1.26s.
FAIL/home/gabor/git/pdq/regression/test/planner/dag/fast/bio/SIMPLE_ERSPI/case_002a : Failed: uk.ac.ox.cs.pdq.util.LimitReachedException
/home/gabor/git/pdq/regression/test/planner/dag/fast/bio/SIMPLE_ERSPI/case_003a :  NOT ACCEPTED FAILCost: 1.0520738E7Finished,  Duration: 1.9s.
FAIL/home/gabor/git/pdq/regression/test/planner/dag/fast/bio/SIMPLE_ERSPI/case_004a : Failed: uk.ac.ox.cs.pdq.util.LimitReachedException
FAIL/home/gabor/git/pdq/regression/test/planner/dag/fast/bio/SIMPLE_ERSPI/case_004b : Failed: uk.ac.ox.cs.pdq.util.LimitReachedException
/home/gabor/git/pdq/regression/test/planner/dag/fast/bio/SIMPLE_ERSPI/case_006a :  SUCCESS PASSCost: 1001.0Finished,  Duration: 2.1s.
/home/gabor/git/pdq/regression/test/planner/dag/fast/bio/SIMPLE_ERSPI/case_008a :  NOT ACCEPTED FAILCost: 26001.0Finished,  Duration: 114.36s.
FAIL/home/gabor/git/pdq/regression/test/planner/dag/fast/bio/SIMPLE_ERSPI/case_008b : Failed: uk.ac.ox.cs.pdq.util.LimitReachedException
FAIL/home/gabor/git/pdq/regression/test/planner/dag/fast/bio/SIMPLE_ERSPI/case_008c : Failed: uk.ac.ox.cs.pdq.util.LimitReachedException
/home/gabor/git/pdq/regression/test/planner/dag/fast/bio/SIMPLE_ERSPI/case_018 :  NOT ACCEPTED FAILCost: 26001.0Finished,  Duration: 7.59s.
/home/gabor/git/pdq/regression/test/planner/dag/fast/bio/SIMPLE_ERSPI/case_018a :  NOT ACCEPTED FAILCost: 26001.0Finished,  Duration: 6.67s.
/home/gabor/git/pdq/regression/test/planner/dag/fast/bio/SIMPLE_ERSPI/case_018b :  NOT ACCEPTED FAILCost: 26000.0Finished,  Duration: 2.85s.
/home/gabor/git/pdq/regression/test/planner/dag/fast/bio/SIMPLE_ERSPI/case_018c :  NOT ACCEPTED FAILCost: 26001.0Finished,  Duration: 7.27s.
/home/gabor/git/pdq/regression/test/planner/dag/fast/generated/SIMPLE_CONSTANT_rel_5x3_1_bindings+0.5_freeacc_dep_3x3_query_GUARDED_3 :  SUCCESS PASSCost: 5.0Finished,  Duration: 0.06s.
/home/gabor/git/pdq/regression/test/planner/dag/fast/generated/SIMPLE_CONSTANT_rel_5x3_1_bindings+1.0_freeacc_dep_3x3_query_GUARDED_3 :  SUCCESS PASSCost: 5.0Finished,  Duration: 0.02s.
/home/gabor/git/pdq/regression/test/planner/dag/fast/quick/example_01 :  SUCCESS PASSCost: 7286.72124178452Finished,  Duration: 0.15s.
/home/gabor/git/pdq/regression/test/planner/dag/fast/quick/example_02 :  SUCCESS PASSCost: 1981.5510557964276Finished,  Duration: 0.01s.
/home/gabor/git/pdq/regression/test/planner/dag/fast/quick/example_03 :  SUCCESS PASSCost: 1541.5510557964276Finished,  Duration: 0.02s.
/home/gabor/git/pdq/regression/test/planner/dag/fast/quick/example_04 :  SUCCESS PASSCost: 11901.89142777261Finished,  Duration: 0.04s.
/home/gabor/git/pdq/regression/test/planner/dag/fast/quick/example_05 :  SUCCESS PASSCost: 103784.95477555826Finished,  Duration: 0.03s.
/home/gabor/git/pdq/regression/test/planner/dag/fast/quick/example_06 :  SUCCESS PASSCost: 649.5945713886307Finished,  Duration: 0.03s.
/home/gabor/git/pdq/regression/test/planner/dag/slow/benchmark/case_007 :  SUCCESS PASSCost: 200.0Finished,  Duration: 76.26s.
FAIL/home/gabor/git/pdq/regression/test/planner/dag/slow/benchmark/case_010 : Failed: uk.ac.ox.cs.pdq.util.LimitReachedException: Planning timeout reached: 182713.268072>120000.0
FAIL/home/gabor/git/pdq/regression/test/planner/dag/slow/benchmark/case_011 : Failed: uk.ac.ox.cs.pdq.util.LimitReachedException: Planning timeout reached: 120003.343629>120000.0
/home/gabor/git/pdq/regression/test/planner/dag/slow/benchmark/case_012 :  SUCCESS PASSCost: 150.0Finished,  Duration: 6.72s.
FAIL/home/gabor/git/pdq/regression/test/planner/dag/slow/benchmark/case_013 : Failed: uk.ac.ox.cs.pdq.util.LimitReachedException: Planning timeout reached: 166748.639123>120000.0
/home/gabor/git/pdq/regression/test/planner/dag/slow/benchmark/std_002 :  SUCCESS PASSCost: 275.0Finished,  Duration: 6.7s.
FAIL/home/gabor/git/pdq/regression/test/planner/dag/slow/benchmark/std_005 : Failed: null
FAIL/home/gabor/git/pdq/regression/test/planner/dag/slow/benchmark/std_008 : Failed: null
FAIL/home/gabor/git/pdq/regression/test/planner/dag/slow/bio/BLACKBOX/case_002a : Failed: Error while parsing file: /home/gabor/git/pdq/regression/test/planner/dag/slow/bio/BLACKBOX/case_002a/schema.xml
FAIL/home/gabor/git/pdq/regression/test/planner/dag/slow/bio/BLACKBOX/case_009a : Failed: Error while parsing file: /home/gabor/git/pdq/regression/test/planner/dag/slow/bio/BLACKBOX/case_009a/schema.xml
FAIL/home/gabor/git/pdq/regression/test/planner/dag/slow/bio/BLACKBOX/case_009b : Failed: Error while parsing file: /home/gabor/git/pdq/regression/test/planner/dag/slow/bio/BLACKBOX/case_009b/schema.xml
FAIL/home/gabor/git/pdq/regression/test/planner/dag/slow/bio/BLACKBOX/case_010a : Failed: Error while parsing file: /home/gabor/git/pdq/regression/test/planner/dag/slow/bio/BLACKBOX/case_010a/schema.xml
FAIL/home/gabor/git/pdq/regression/test/planner/dag/slow/bio/BLACKBOX/case_010b : Failed: Error while parsing file: /home/gabor/git/pdq/regression/test/planner/dag/slow/bio/BLACKBOX/case_010b/schema.xml
FAIL/home/gabor/git/pdq/regression/test/planner/dag/slow/bio/BLACKBOX/case_010c : Failed: Error while parsing file: /home/gabor/git/pdq/regression/test/planner/dag/slow/bio/BLACKBOX/case_010c/schema.xml
FAIL/home/gabor/git/pdq/regression/test/planner/dag/slow/bio/BLACKBOX/case_015a : Failed: Error while parsing file: /home/gabor/git/pdq/regression/test/planner/dag/slow/bio/BLACKBOX/case_015a/schema.xml
FAIL/home/gabor/git/pdq/regression/test/planner/dag/slow/bio/BLACKBOX/case_019a : Failed: Error while parsing file: /home/gabor/git/pdq/regression/test/planner/dag/slow/bio/BLACKBOX/case_019a/schema.xml
FAIL/home/gabor/git/pdq/regression/test/planner/dag/slow/bio/SIMPLE_ERSPI/case_009a : Failed: Error while parsing file: /home/gabor/git/pdq/regression/test/planner/dag/slow/bio/SIMPLE_ERSPI/case_009a/schema.xml
FAIL/home/gabor/git/pdq/regression/test/planner/dag/slow/bio/SIMPLE_ERSPI/case_009b : Failed: Error while parsing file: /home/gabor/git/pdq/regression/test/planner/dag/slow/bio/SIMPLE_ERSPI/case_009b/schema.xml
FAIL/home/gabor/git/pdq/regression/test/planner/dag/slow/bio/SIMPLE_ERSPI/case_010a : Failed: Error while parsing file: /home/gabor/git/pdq/regression/test/planner/dag/slow/bio/SIMPLE_ERSPI/case_010a/schema.xml
FAIL/home/gabor/git/pdq/regression/test/planner/dag/slow/bio/SIMPLE_ERSPI/case_010b : Failed: Error while parsing file: /home/gabor/git/pdq/regression/test/planner/dag/slow/bio/SIMPLE_ERSPI/case_010b/schema.xml
FAIL/home/gabor/git/pdq/regression/test/planner/dag/slow/bio/SIMPLE_ERSPI/case_010c : Failed: Error while parsing file: /home/gabor/git/pdq/regression/test/planner/dag/slow/bio/SIMPLE_ERSPI/case_010c/schema.xml
FAIL/home/gabor/git/pdq/regression/test/planner/dag/slow/bio/SIMPLE_ERSPI/case_012a : Failed: Error while parsing file: /home/gabor/git/pdq/regression/test/planner/dag/slow/bio/SIMPLE_ERSPI/case_012a/schema.xml
FAIL/home/gabor/git/pdq/regression/test/planner/dag/slow/bio/SIMPLE_ERSPI/case_015a : Failed: Error while parsing file: /home/gabor/git/pdq/regression/test/planner/dag/slow/bio/SIMPLE_ERSPI/case_015a/schema.xml
FAIL/home/gabor/git/pdq/regression/test/planner/dag/slow/bio/SIMPLE_ERSPI/case_019a : Failed: Error while parsing file: /home/gabor/git/pdq/regression/test/planner/dag/slow/bio/SIMPLE_ERSPI/case_019a/schema.xml
FAIL/home/gabor/git/pdq/regression/test/planner/dag/slow/bio/SIMPLE_ERSPI/site : Failed: Error while parsing file: /home/gabor/git/pdq/regression/test/planner/dag/slow/bio/SIMPLE_ERSPI/site/schema.xml
FAIL/home/gabor/git/pdq/regression/test/planner/dag/slow/tpch/blackbox/case_005 : Failed: uk.ac.ox.cs.pdq.util.LimitReachedException: Planning timeout reached: 120374.805342>120000.0
FAIL/home/gabor/git/pdq/regression/test/planner/dag/slow/tpch/blackbox/case_006 : Failed: uk.ac.ox.cs.pdq.util.LimitReachedException: Planning timeout reached: 183941.617494>120000.0
FAIL/home/gabor/git/pdq/regression/test/planner/dag/slow/tpch/blackbox/case_012 : Failed: uk.ac.ox.cs.pdq.util.LimitReachedException: Planning timeout reached: 123798.358331>120000.0
/home/gabor/git/pdq/regression/test/planner/dag/slow/tpch/blackbox/case_013 :  SUCCESS Failed to read previous plan: unexpected element (uri:"", local:"plan"). Expected elements are <{}RelationalTerm>,<{}RelationalTermWithCost>Finished,  Duration: 43.02s.
